<?xml version="1.0" encoding="UTF-8"?>
<!-- Generated by org.testng.reporters.JUnitReportReporter -->
<testsuite skipped="0" hostname="DESKTOP-7313MKP" name="com.testngfile.TestNGAssignment" tests="2" failures="0" timestamp="2021-05-14T15:08:07 PDT" time="14.493" errors="0">
  <testcase name="login" time="7.023" classname="com.testngfile.TestNGAssignment"/>
  <system-out/>
  <testcase name="signout" time="7.470" classname="com.testngfile.TestNGAssignment"/>
  <system-out/>
</testsuite> <!-- com.testngfile.TestNGAssignment -->
